2022-02-24 16:35:19 INFO  Logger:145 - Initializing JSON file and adding to framework
2022-02-24 16:35:19 INFO  Logger:145 - Setting up run configuration
2022-02-24 16:35:19 INFO  PrintSkill:145 - Starting before test method ::PrintSkill
2022-02-24 16:35:19 INFO  PrintSkill:145 - **** Initializing drivers ****chrome 
2022-02-24 16:35:19 INFO  PrintSkill:145 - Initializing driver session for local execution
2022-02-24 16:35:22 INFO  PrintSkill:145 - Driver is initizialied
2022-02-24 16:35:22 INFO  PrintSkill:145 - **** driver instance in Initializing drivers ****
2022-02-24 16:35:22 INFO  PrintSkill:145 - Starting before test method ::PrintSkill
2022-02-24 16:35:29 INFO  PrintSkill:145 - Navigate to url https://stage.boschtoolservice.com/cn/zh/skil/spareparts/search
2022-02-24 16:35:29 INFO  PrintSkill:145 - CloseConsent Element is displayed
2022-02-24 16:35:29 INFO  PrintSkill:145 - click on element CloseConsent
2022-02-24 16:35:29 INFO  PrintSkill:145 - Consent Closed
2022-02-24 16:35:30 INFO  PrintSkill:145 - Input element is displayed
2022-02-24 16:35:30 INFO  PrintSkill:145 - input Element is displayed
2022-02-24 16:35:30 INFO  PrintSkill:145 - 0603270756 is entered in element input
2022-02-24 16:35:30 INFO  PrintSkill:145 - search Element is displayed
2022-02-24 16:35:31 INFO  PrintSkill:145 - click on element search
2022-02-24 16:35:31 INFO  PrintSkill:145 - Input Field found
2022-02-24 16:35:31 INFO  PrintSkill:145 - Application Opened Successfully and Baretool number foundhttps://stage.boschtoolservice.com/cn/zh/skil/spareparts/search
2022-02-24 16:35:31 WARN  PrintSkill:150 - Unable to locate webelement. Object Name: SingleFilter
2022-02-24 16:35:36 INFO  PrintSkill:145 - wait for Object SingleFilter. Time:5 seconds
2022-02-24 16:35:36 INFO  PrintSkill:145 - SingleFilter Element is displayed
2022-02-24 16:35:38 INFO  PrintSkill:145 - click on element SingleFilter
2022-02-24 16:35:38 INFO  PrintSkill:145 - Result Selected
2022-02-24 16:35:44 INFO  PrintSkill:145 - ProductInformation element is displayed
2022-02-24 16:35:44 INFO  PrintSkill:145 - ProductInformation Available
2022-02-24 16:35:45 INFO  PrintSkill:145 - dremeladdtocart Element is displayed
2022-02-24 16:35:45 INFO  PrintSkill:145 - click on element dremeladdtocart
2022-02-24 16:35:46 INFO  PrintSkill:145 - dremeladdtocart Element is displayed
2022-02-24 16:35:46 INFO  PrintSkill:145 - click on element dremeladdtocart
2022-02-24 16:35:47 INFO  PrintSkill:145 - dremeladdtocart Element is displayed
2022-02-24 16:35:47 INFO  PrintSkill:145 - click on element dremeladdtocart
2022-02-24 16:35:49 INFO  PrintSkill:145 - dremeladdtocart Element is displayed
2022-02-24 16:35:49 INFO  PrintSkill:145 - click on element dremeladdtocart
2022-02-24 16:35:50 INFO  PrintSkill:145 - dremeladdtocart Element is displayed
2022-02-24 16:35:50 INFO  PrintSkill:145 - click on element dremeladdtocart
2022-02-24 16:35:56 INFO  PrintSkill:145 - Add to cart Successful
2022-02-24 16:35:56 INFO  PrintSkill:145 - minishoppingcart Element is displayed
2022-02-24 16:36:06 INFO  PrintSkill:145 - click on element minishoppingcart
2022-02-24 16:36:06 INFO  PrintSkill:145 - Clicked on Minishopping cart
2022-02-24 16:36:10 INFO  PrintSkill:145 - PrintPdf element is displayed
2022-02-24 16:36:10 INFO  PrintSkill:145 - PrintPdf option Available
2022-02-24 16:36:10 INFO  PrintSkill:145 - In after test method ::PrintSkill
2022-02-24 16:36:10 DEBUG cache:45 - Couldn't find template in cache for "Extent.ftl"("en_US", UTF-8, parsed); will try to load it.
2022-02-24 16:36:10 DEBUG cache:45 - TemplateLoader.findTemplateSource("Extent_en_US.ftl"): Not found
2022-02-24 16:36:10 DEBUG cache:45 - TemplateLoader.findTemplateSource("Extent_en.ftl"): Not found
2022-02-24 16:36:10 DEBUG cache:45 - TemplateLoader.findTemplateSource("Extent.ftl"): Found
2022-02-24 16:36:10 DEBUG cache:45 - Loading template for "Extent.ftl"("en_US", UTF-8, parsed) from "jar:file:/C:/Users/UXS1KOR/.m2/repository/com/relevantcodes/extentreports/2.41.2/extentreports-2.41.2.jar!/com/relevantcodes/extentreports/view/Extent.ftl"
2022-02-24 16:36:10 INFO  PrintSkill:145 - No child test to execute, flushing report
2022-02-24 16:36:11 INFO  PrintSkill:145 - Terminate driver session in after test method
