2022-02-24 16:37:28 INFO  Logger:145 - Initializing JSON file and adding to framework
2022-02-24 16:37:28 INFO  Logger:145 - Setting up run configuration
2022-02-24 16:37:28 INFO  PrintSkill:145 - Starting before test method ::PrintSkill
2022-02-24 16:37:28 INFO  PrintSkill:145 - **** Initializing drivers ****chrome 
2022-02-24 16:37:28 INFO  PrintSkill:145 - Initializing driver session for local execution
2022-02-24 16:37:30 INFO  PrintSkill:145 - Driver is initizialied
2022-02-24 16:37:30 INFO  PrintSkill:145 - **** driver instance in Initializing drivers ****
2022-02-24 16:37:30 INFO  PrintSkill:145 - Starting before test method ::PrintSkill
2022-02-24 16:37:38 INFO  PrintSkill:145 - Navigate to url https://stage.boschtoolservice.com/ph/en/skil/spareparts/search
2022-02-24 16:37:38 INFO  PrintSkill:145 - CloseConsent Element is displayed
2022-02-24 16:37:38 INFO  PrintSkill:145 - click on element CloseConsent
2022-02-24 16:37:38 INFO  PrintSkill:145 - Consent Closed
2022-02-24 16:37:39 INFO  PrintSkill:145 - Input element is displayed
2022-02-24 16:37:39 INFO  PrintSkill:145 - input Element is displayed
2022-02-24 16:37:40 INFO  PrintSkill:145 - 0603270756 is entered in element input
2022-02-24 16:37:40 INFO  PrintSkill:145 - search Element is displayed
2022-02-24 16:37:42 INFO  PrintSkill:145 - click on element search
2022-02-24 16:37:42 INFO  PrintSkill:145 - Input Field found
2022-02-24 16:37:42 INFO  PrintSkill:145 - Application Opened Successfully and Baretool number foundhttps://stage.boschtoolservice.com/ph/en/skil/spareparts/search
2022-02-24 16:37:42 INFO  PrintSkill:145 - SingleFilter Element is displayed
2022-02-24 16:37:43 INFO  PrintSkill:145 - click on element SingleFilter
2022-02-24 16:37:43 INFO  PrintSkill:145 - Result Selected
2022-02-24 16:37:49 INFO  PrintSkill:145 - ProductInformation element is displayed
2022-02-24 16:37:49 INFO  PrintSkill:145 - ProductInformation Available
2022-02-24 16:37:50 INFO  PrintSkill:145 - dremeladdtocart Element is displayed
2022-02-24 16:37:51 INFO  PrintSkill:145 - click on element dremeladdtocart
2022-02-24 16:37:52 INFO  PrintSkill:145 - dremeladdtocart Element is displayed
2022-02-24 16:37:52 INFO  PrintSkill:145 - click on element dremeladdtocart
2022-02-24 16:37:53 INFO  PrintSkill:145 - dremeladdtocart Element is displayed
2022-02-24 16:37:53 INFO  PrintSkill:145 - click on element dremeladdtocart
2022-02-24 16:37:54 INFO  PrintSkill:145 - dremeladdtocart Element is displayed
2022-02-24 16:37:54 INFO  PrintSkill:145 - click on element dremeladdtocart
2022-02-24 16:37:55 INFO  PrintSkill:145 - dremeladdtocart Element is displayed
2022-02-24 16:37:55 INFO  PrintSkill:145 - click on element dremeladdtocart
2022-02-24 16:38:01 INFO  PrintSkill:145 - Add to cart Successful
2022-02-24 16:38:01 INFO  PrintSkill:145 - minishoppingcart Element is displayed
2022-02-24 16:38:12 INFO  PrintSkill:145 - click on element minishoppingcart
2022-02-24 16:38:12 INFO  PrintSkill:145 - Clicked on Minishopping cart
2022-02-24 16:38:16 INFO  PrintSkill:145 - PrintPdf element is displayed
2022-02-24 16:38:16 INFO  PrintSkill:145 - PrintPdf option Available
2022-02-24 16:38:16 INFO  PrintSkill:145 - In after test method ::PrintSkill
2022-02-24 16:38:16 DEBUG cache:45 - Couldn't find template in cache for "Extent.ftl"("en_US", UTF-8, parsed); will try to load it.
2022-02-24 16:38:16 DEBUG cache:45 - TemplateLoader.findTemplateSource("Extent_en_US.ftl"): Not found
2022-02-24 16:38:16 DEBUG cache:45 - TemplateLoader.findTemplateSource("Extent_en.ftl"): Not found
2022-02-24 16:38:16 DEBUG cache:45 - TemplateLoader.findTemplateSource("Extent.ftl"): Found
2022-02-24 16:38:16 DEBUG cache:45 - Loading template for "Extent.ftl"("en_US", UTF-8, parsed) from "jar:file:/C:/Users/UXS1KOR/.m2/repository/com/relevantcodes/extentreports/2.41.2/extentreports-2.41.2.jar!/com/relevantcodes/extentreports/view/Extent.ftl"
2022-02-24 16:38:16 INFO  PrintSkill:145 - No child test to execute, flushing report
2022-02-24 16:38:17 INFO  PrintSkill:145 - Terminate driver session in after test method
