2022-02-16 11:34:10 INFO  Logger:145 - Initializing JSON file and adding to framework
2022-02-16 11:34:10 INFO  Logger:145 - Setting up run configuration
2022-02-16 11:34:10 INFO  Printflow:145 - Starting before test method ::Printflow
2022-02-16 11:34:10 INFO  Printflow:145 - **** Initializing drivers ****chrome 
2022-02-16 11:34:10 INFO  Printflow:145 - Initializing driver session for local execution
2022-02-16 11:34:13 INFO  Printflow:145 - Driver is initizialied
2022-02-16 11:34:13 INFO  Printflow:145 - **** driver instance in Initializing drivers ****
2022-02-16 11:34:13 INFO  Printflow:145 - Starting before test method ::Printflow
2022-02-16 11:34:22 INFO  Printflow:145 - Navigate to url https://stage.boschtoolservice.com/ru/ru/boschprof/spareparts/search
2022-02-16 11:34:22 INFO  Printflow:145 - CloseConsent Element is displayed
2022-02-16 11:34:22 INFO  Printflow:145 - click on element CloseConsent
2022-02-16 11:34:22 INFO  Printflow:145 - Consent Closed
2022-02-16 11:34:23 INFO  Printflow:145 - Input element is displayed
2022-02-16 11:34:23 INFO  Printflow:145 - input Element is displayed
2022-02-16 11:34:23 INFO  Printflow:145 - 0600845B50 is entered in element input
2022-02-16 11:34:23 INFO  Printflow:145 - search Element is displayed
2022-02-16 11:34:25 INFO  Printflow:145 - click on element search
2022-02-16 11:34:25 INFO  Printflow:145 - Input Field found
2022-02-16 11:34:25 INFO  Printflow:145 - Application Opened Successfully and Baretool number foundhttps://stage.boschtoolservice.com/ru/ru/boschprof/spareparts/search
2022-02-16 11:34:25 WARN  Printflow:150 - Unable to locate webelement. Object Name: SingleFilter
2022-02-16 11:34:30 INFO  Printflow:145 - wait for Object SingleFilter. Time:5 seconds
2022-02-16 11:34:30 INFO  Printflow:145 - SingleFilter Element is displayed
2022-02-16 11:34:31 INFO  Printflow:145 - click on element SingleFilter
2022-02-16 11:34:31 INFO  Printflow:145 - Result Selected
2022-02-16 11:34:37 INFO  Printflow:145 - ProductInformation element is displayed
2022-02-16 11:34:37 INFO  Printflow:145 - ProductInformation Available
2022-02-16 11:34:38 INFO  Printflow:145 - dremeladdtocart Element is displayed
2022-02-16 11:34:38 INFO  Printflow:145 - click on element dremeladdtocart
2022-02-16 11:34:39 INFO  Printflow:145 - dremeladdtocart Element is displayed
2022-02-16 11:34:40 INFO  Printflow:145 - click on element dremeladdtocart
2022-02-16 11:34:41 INFO  Printflow:145 - dremeladdtocart Element is displayed
2022-02-16 11:34:41 INFO  Printflow:145 - click on element dremeladdtocart
2022-02-16 11:34:42 INFO  Printflow:145 - dremeladdtocart Element is displayed
2022-02-16 11:34:42 INFO  Printflow:145 - click on element dremeladdtocart
2022-02-16 11:34:43 INFO  Printflow:145 - dremeladdtocart Element is displayed
2022-02-16 11:34:43 INFO  Printflow:145 - click on element dremeladdtocart
2022-02-16 11:34:49 INFO  Printflow:145 - Add to cart Successful
2022-02-16 11:34:49 INFO  Printflow:145 - minishoppingcart Element is displayed
2022-02-16 11:34:59 INFO  Printflow:145 - click on element minishoppingcart
2022-02-16 11:34:59 INFO  Printflow:145 - Clicked on Minishopping cart
2022-02-16 11:35:03 INFO  Printflow:145 - PrintPdf element is displayed
2022-02-16 11:35:03 INFO  Printflow:145 - PrintPdf option Available
2022-02-16 11:35:03 INFO  Printflow:145 - In after test method ::Printflow
2022-02-16 11:35:03 DEBUG cache:45 - Couldn't find template in cache for "Extent.ftl"("en_US", UTF-8, parsed); will try to load it.
2022-02-16 11:35:03 DEBUG cache:45 - TemplateLoader.findTemplateSource("Extent_en_US.ftl"): Not found
2022-02-16 11:35:03 DEBUG cache:45 - TemplateLoader.findTemplateSource("Extent_en.ftl"): Not found
2022-02-16 11:35:03 DEBUG cache:45 - TemplateLoader.findTemplateSource("Extent.ftl"): Found
2022-02-16 11:35:03 DEBUG cache:45 - Loading template for "Extent.ftl"("en_US", UTF-8, parsed) from "jar:file:/C:/Users/UXS1KOR/.m2/repository/com/relevantcodes/extentreports/2.41.2/extentreports-2.41.2.jar!/com/relevantcodes/extentreports/view/Extent.ftl"
2022-02-16 11:35:03 INFO  Printflow:145 - No child test to execute, flushing report
2022-02-16 11:35:04 INFO  Printflow:145 - Terminate driver session in after test method
2022-02-16 11:35:04 INFO  Printflow:145 - Starting before test method ::Printflow
2022-02-16 11:35:04 INFO  Printflow:145 - **** Initializing drivers ****chrome 
2022-02-16 11:35:04 INFO  Printflow:145 - Initializing driver session for local execution
2022-02-16 11:35:06 INFO  Printflow:145 - Driver is initizialied
2022-02-16 11:35:06 INFO  Printflow:145 - **** driver instance in Initializing drivers ****
2022-02-16 11:35:06 INFO  Printflow:145 - Starting before test method ::Printflow
2022-02-16 11:35:14 INFO  Printflow:145 - Navigate to url https://stage.boschtoolservice.com/ru/ru/bosch-pt/spareparts/search
2022-02-16 11:35:14 INFO  Printflow:145 - CloseConsent Element is displayed
2022-02-16 11:35:14 INFO  Printflow:145 - click on element CloseConsent
2022-02-16 11:35:14 INFO  Printflow:145 - Consent Closed
2022-02-16 11:35:15 INFO  Printflow:145 - Input element is displayed
2022-02-16 11:35:15 INFO  Printflow:145 - input Element is displayed
2022-02-16 11:35:15 INFO  Printflow:145 - 0600845B50 is entered in element input
2022-02-16 11:35:15 INFO  Printflow:145 - search Element is displayed
2022-02-16 11:35:17 INFO  Printflow:145 - click on element search
2022-02-16 11:35:17 INFO  Printflow:145 - Input Field found
2022-02-16 11:35:17 INFO  Printflow:145 - Application Opened Successfully and Baretool number foundhttps://stage.boschtoolservice.com/ru/ru/bosch-pt/spareparts/search
2022-02-16 11:35:17 WARN  Printflow:150 - Unable to locate webelement. Object Name: SingleFilter
2022-02-16 11:35:22 INFO  Printflow:145 - wait for Object SingleFilter. Time:5 seconds
2022-02-16 11:35:22 INFO  Printflow:145 - SingleFilter Element is displayed
2022-02-16 11:35:28 INFO  Printflow:145 - click on element SingleFilter
2022-02-16 11:35:28 INFO  Printflow:145 - Result Selected
2022-02-16 11:35:34 INFO  Printflow:145 - ProductInformation element is displayed
2022-02-16 11:35:34 INFO  Printflow:145 - ProductInformation Available
2022-02-16 11:35:35 INFO  Printflow:145 - dremeladdtocart Element is displayed
2022-02-16 11:35:35 INFO  Printflow:145 - click on element dremeladdtocart
2022-02-16 11:35:36 INFO  Printflow:145 - dremeladdtocart Element is displayed
2022-02-16 11:35:37 INFO  Printflow:145 - click on element dremeladdtocart
2022-02-16 11:35:38 INFO  Printflow:145 - dremeladdtocart Element is displayed
2022-02-16 11:35:38 INFO  Printflow:145 - click on element dremeladdtocart
2022-02-16 11:35:39 INFO  Printflow:145 - dremeladdtocart Element is displayed
2022-02-16 11:35:39 INFO  Printflow:145 - click on element dremeladdtocart
2022-02-16 11:35:40 INFO  Printflow:145 - dremeladdtocart Element is displayed
2022-02-16 11:35:40 INFO  Printflow:145 - click on element dremeladdtocart
2022-02-16 11:35:46 INFO  Printflow:145 - Add to cart Successful
2022-02-16 11:35:46 INFO  Printflow:145 - minishoppingcart Element is displayed
2022-02-16 11:35:55 INFO  Printflow:145 - click on element minishoppingcart
2022-02-16 11:35:55 INFO  Printflow:145 - Clicked on Minishopping cart
2022-02-16 11:35:59 INFO  Printflow:145 - PrintPdf element is displayed
2022-02-16 11:35:59 INFO  Printflow:145 - PrintPdf option Available
2022-02-16 11:35:59 INFO  Printflow:145 - In after test method ::Printflow
2022-02-16 11:35:59 DEBUG cache:45 - Couldn't find template in cache for "Extent.ftl"("en_US", UTF-8, parsed); will try to load it.
2022-02-16 11:35:59 DEBUG cache:45 - TemplateLoader.findTemplateSource("Extent_en_US.ftl"): Not found
2022-02-16 11:35:59 DEBUG cache:45 - TemplateLoader.findTemplateSource("Extent_en.ftl"): Not found
2022-02-16 11:35:59 DEBUG cache:45 - TemplateLoader.findTemplateSource("Extent.ftl"): Found
2022-02-16 11:35:59 DEBUG cache:45 - Loading template for "Extent.ftl"("en_US", UTF-8, parsed) from "jar:file:/C:/Users/UXS1KOR/.m2/repository/com/relevantcodes/extentreports/2.41.2/extentreports-2.41.2.jar!/com/relevantcodes/extentreports/view/Extent.ftl"
2022-02-16 11:35:59 INFO  Printflow:145 - No child test to execute, flushing report
2022-02-16 11:36:00 INFO  Printflow:145 - Terminate driver session in after test method
2022-02-16 11:36:00 INFO  Printflow:145 - Starting before test method ::Printflow
2022-02-16 11:36:00 INFO  Printflow:145 - **** Initializing drivers ****chrome 
2022-02-16 11:36:00 INFO  Printflow:145 - Initializing driver session for local execution
2022-02-16 11:36:02 INFO  Printflow:145 - Driver is initizialied
2022-02-16 11:36:02 INFO  Printflow:145 - **** driver instance in Initializing drivers ****
2022-02-16 11:36:02 INFO  Printflow:145 - Starting before test method ::Printflow
2022-02-16 11:36:09 INFO  Printflow:145 - Navigate to url https://stage.boschtoolservice.com/ru/ru/boschdiy/spareparts/search
2022-02-16 11:36:09 INFO  Printflow:145 - CloseConsent Element is displayed
2022-02-16 11:36:09 INFO  Printflow:145 - click on element CloseConsent
2022-02-16 11:36:09 INFO  Printflow:145 - Consent Closed
2022-02-16 11:36:10 INFO  Printflow:145 - Input element is displayed
2022-02-16 11:36:10 INFO  Printflow:145 - input Element is displayed
2022-02-16 11:36:10 INFO  Printflow:145 - 0600845B50 is entered in element input
2022-02-16 11:36:10 INFO  Printflow:145 - search Element is displayed
2022-02-16 11:36:11 INFO  Printflow:145 - click on element search
2022-02-16 11:36:11 INFO  Printflow:145 - Input Field found
2022-02-16 11:36:11 INFO  Printflow:145 - Application Opened Successfully and Baretool number foundhttps://stage.boschtoolservice.com/ru/ru/boschdiy/spareparts/search
2022-02-16 11:36:11 WARN  Printflow:150 - Unable to locate webelement. Object Name: SingleFilter
2022-02-16 11:36:16 INFO  Printflow:145 - wait for Object SingleFilter. Time:5 seconds
2022-02-16 11:36:17 INFO  Printflow:145 - SingleFilter Element is displayed
2022-02-16 11:36:20 INFO  Printflow:145 - click on element SingleFilter
2022-02-16 11:36:20 INFO  Printflow:145 - Result Selected
2022-02-16 11:36:26 INFO  Printflow:145 - ProductInformation element is displayed
2022-02-16 11:36:26 INFO  Printflow:145 - ProductInformation Available
2022-02-16 11:36:27 INFO  Printflow:145 - dremeladdtocart Element is displayed
2022-02-16 11:36:27 INFO  Printflow:145 - click on element dremeladdtocart
2022-02-16 11:36:28 INFO  Printflow:145 - dremeladdtocart Element is displayed
2022-02-16 11:36:29 INFO  Printflow:145 - click on element dremeladdtocart
2022-02-16 11:36:30 INFO  Printflow:145 - dremeladdtocart Element is displayed
2022-02-16 11:36:30 INFO  Printflow:145 - click on element dremeladdtocart
2022-02-16 11:36:31 INFO  Printflow:145 - dremeladdtocart Element is displayed
2022-02-16 11:36:31 INFO  Printflow:145 - click on element dremeladdtocart
2022-02-16 11:36:32 INFO  Printflow:145 - dremeladdtocart Element is displayed
2022-02-16 11:36:32 INFO  Printflow:145 - click on element dremeladdtocart
2022-02-16 11:36:38 INFO  Printflow:145 - Add to cart Successful
2022-02-16 11:36:38 INFO  Printflow:145 - minishoppingcart Element is displayed
2022-02-16 11:36:48 INFO  Printflow:145 - click on element minishoppingcart
2022-02-16 11:36:48 INFO  Printflow:145 - Clicked on Minishopping cart
2022-02-16 11:36:53 INFO  Printflow:145 - PrintPdf element is displayed
2022-02-16 11:36:53 INFO  Printflow:145 - PrintPdf option Available
2022-02-16 11:36:53 INFO  Printflow:145 - In after test method ::Printflow
2022-02-16 11:36:53 DEBUG cache:45 - Couldn't find template in cache for "Extent.ftl"("en_US", UTF-8, parsed); will try to load it.
2022-02-16 11:36:53 DEBUG cache:45 - TemplateLoader.findTemplateSource("Extent_en_US.ftl"): Not found
2022-02-16 11:36:53 DEBUG cache:45 - TemplateLoader.findTemplateSource("Extent_en.ftl"): Not found
2022-02-16 11:36:53 DEBUG cache:45 - TemplateLoader.findTemplateSource("Extent.ftl"): Found
2022-02-16 11:36:53 DEBUG cache:45 - Loading template for "Extent.ftl"("en_US", UTF-8, parsed) from "jar:file:/C:/Users/UXS1KOR/.m2/repository/com/relevantcodes/extentreports/2.41.2/extentreports-2.41.2.jar!/com/relevantcodes/extentreports/view/Extent.ftl"
2022-02-16 11:36:53 INFO  Printflow:145 - No child test to execute, flushing report
2022-02-16 11:36:53 INFO  Printflow:145 - Terminate driver session in after test method
2022-02-16 11:36:53 INFO  PrintSkill:145 - Starting before test method ::PrintSkill
2022-02-16 11:36:53 INFO  PrintSkill:145 - **** Initializing drivers ****chrome 
2022-02-16 11:36:53 INFO  PrintSkill:145 - Initializing driver session for local execution
2022-02-16 11:36:55 INFO  PrintSkill:145 - Driver is initizialied
2022-02-16 11:36:55 INFO  PrintSkill:145 - **** driver instance in Initializing drivers ****
2022-02-16 11:36:55 INFO  PrintSkill:145 - Starting before test method ::PrintSkill
2022-02-16 11:37:02 INFO  PrintSkill:145 - Navigate to url https://stage.boschtoolservice.com/ru/ru/skil/spareparts/search
2022-02-16 11:37:02 INFO  PrintSkill:145 - CloseConsent Element is displayed
2022-02-16 11:37:02 INFO  PrintSkill:145 - click on element CloseConsent
2022-02-16 11:37:02 INFO  PrintSkill:145 - Consent Closed
2022-02-16 11:37:03 INFO  PrintSkill:145 - Input element is displayed
2022-02-16 11:37:03 INFO  PrintSkill:145 - input Element is displayed
2022-02-16 11:37:04 INFO  PrintSkill:145 - 0603270756 is entered in element input
2022-02-16 11:37:04 INFO  PrintSkill:145 - search Element is displayed
2022-02-16 11:37:05 INFO  PrintSkill:145 - click on element search
2022-02-16 11:37:05 INFO  PrintSkill:145 - Input Field found
2022-02-16 11:37:05 INFO  PrintSkill:145 - Application Opened Successfully and Baretool number foundhttps://stage.boschtoolservice.com/ru/ru/skil/spareparts/search
2022-02-16 11:37:05 WARN  PrintSkill:150 - Unable to locate webelement. Object Name: SingleFilter
2022-02-16 11:37:10 INFO  PrintSkill:145 - wait for Object SingleFilter. Time:5 seconds
2022-02-16 11:37:10 INFO  PrintSkill:145 - SingleFilter Element is displayed
2022-02-16 11:37:15 INFO  PrintSkill:145 - click on element SingleFilter
2022-02-16 11:37:15 INFO  PrintSkill:145 - Result Selected
2022-02-16 11:37:21 INFO  PrintSkill:145 - ProductInformation element is displayed
2022-02-16 11:37:21 INFO  PrintSkill:145 - ProductInformation Available
2022-02-16 11:37:22 INFO  PrintSkill:145 - dremeladdtocart Element is displayed
2022-02-16 11:37:22 INFO  PrintSkill:145 - click on element dremeladdtocart
2022-02-16 11:37:23 INFO  PrintSkill:145 - dremeladdtocart Element is displayed
2022-02-16 11:37:23 INFO  PrintSkill:145 - click on element dremeladdtocart
2022-02-16 11:37:24 INFO  PrintSkill:145 - dremeladdtocart Element is displayed
2022-02-16 11:37:24 INFO  PrintSkill:145 - click on element dremeladdtocart
2022-02-16 11:37:25 INFO  PrintSkill:145 - dremeladdtocart Element is displayed
2022-02-16 11:37:26 INFO  PrintSkill:145 - click on element dremeladdtocart
2022-02-16 11:37:27 INFO  PrintSkill:145 - dremeladdtocart Element is displayed
2022-02-16 11:37:27 INFO  PrintSkill:145 - click on element dremeladdtocart
2022-02-16 11:37:33 INFO  PrintSkill:145 - Add to cart Successful
2022-02-16 11:37:33 INFO  PrintSkill:145 - minishoppingcart Element is displayed
2022-02-16 11:37:42 INFO  PrintSkill:145 - click on element minishoppingcart
2022-02-16 11:37:42 INFO  PrintSkill:145 - Clicked on Minishopping cart
2022-02-16 11:37:46 INFO  PrintSkill:145 - PrintPdf element is displayed
2022-02-16 11:37:46 INFO  PrintSkill:145 - PrintPdf option Available
2022-02-16 11:37:46 INFO  PrintSkill:145 - In after test method ::PrintSkill
2022-02-16 11:37:46 DEBUG cache:45 - Couldn't find template in cache for "Extent.ftl"("en_US", UTF-8, parsed); will try to load it.
2022-02-16 11:37:46 DEBUG cache:45 - TemplateLoader.findTemplateSource("Extent_en_US.ftl"): Not found
2022-02-16 11:37:46 DEBUG cache:45 - TemplateLoader.findTemplateSource("Extent_en.ftl"): Not found
2022-02-16 11:37:46 DEBUG cache:45 - TemplateLoader.findTemplateSource("Extent.ftl"): Found
2022-02-16 11:37:46 DEBUG cache:45 - Loading template for "Extent.ftl"("en_US", UTF-8, parsed) from "jar:file:/C:/Users/UXS1KOR/.m2/repository/com/relevantcodes/extentreports/2.41.2/extentreports-2.41.2.jar!/com/relevantcodes/extentreports/view/Extent.ftl"
2022-02-16 11:37:46 INFO  PrintSkill:145 - No child test to execute, flushing report
2022-02-16 11:37:47 INFO  PrintSkill:145 - Terminate driver session in after test method
2022-02-16 11:37:47 INFO  PrintDremel:145 - Starting before test method ::PrintDremel
2022-02-16 11:37:47 INFO  PrintDremel:145 - **** Initializing drivers ****chrome 
2022-02-16 11:37:47 INFO  PrintDremel:145 - Initializing driver session for local execution
2022-02-16 11:37:49 INFO  PrintDremel:145 - Driver is initizialied
2022-02-16 11:37:49 INFO  PrintDremel:145 - **** driver instance in Initializing drivers ****
2022-02-16 11:37:49 INFO  PrintDremel:145 - Starting before test method ::PrintDremel
2022-02-16 11:37:57 INFO  PrintDremel:145 - Navigate to url https://stage.boschtoolservice.com/ru/ru/dremel/spareparts/search
2022-02-16 11:37:58 INFO  PrintDremel:145 - CloseConsent Element is displayed
2022-02-16 11:37:58 INFO  PrintDremel:145 - click on element CloseConsent
2022-02-16 11:37:58 INFO  PrintDremel:145 - Consent Closed
2022-02-16 11:37:59 INFO  PrintDremel:145 - Input element is displayed
2022-02-16 11:37:59 INFO  PrintDremel:145 - input Element is displayed
2022-02-16 11:37:59 INFO  PrintDremel:145 - F013027500 is entered in element input
2022-02-16 11:37:59 INFO  PrintDremel:145 - search Element is displayed
2022-02-16 11:38:00 INFO  PrintDremel:145 - click on element search
2022-02-16 11:38:00 INFO  PrintDremel:145 - Input Field found
2022-02-16 11:38:00 INFO  PrintDremel:145 - Application Opened Successfully and Baretool number foundhttps://stage.boschtoolservice.com/ru/ru/dremel/spareparts/search
2022-02-16 11:38:00 WARN  PrintDremel:150 - Unable to locate webelement. Object Name: SingleFilter
2022-02-16 11:38:05 INFO  PrintDremel:145 - wait for Object SingleFilter. Time:5 seconds
2022-02-16 11:38:05 INFO  PrintDremel:145 - SingleFilter Element is displayed
2022-02-16 11:38:09 INFO  PrintDremel:145 - click on element SingleFilter
2022-02-16 11:38:09 INFO  PrintDremel:145 - Result Selected
2022-02-16 11:38:15 INFO  PrintDremel:145 - ProductInformation element is displayed
2022-02-16 11:38:15 INFO  PrintDremel:145 - ProductInformation Available
2022-02-16 11:38:16 INFO  PrintDremel:145 - dremeladdtocart Element is displayed
2022-02-16 11:38:16 INFO  PrintDremel:145 - click on element dremeladdtocart
2022-02-16 11:38:22 INFO  PrintDremel:145 - wait for Object dremeladdtocart. Time:5 seconds
2022-02-16 11:38:22 INFO  PrintDremel:145 - dremeladdtocart Element is displayed
2022-02-16 11:38:22 INFO  PrintDremel:145 - click on element dremeladdtocart
2022-02-16 11:38:23 INFO  PrintDremel:145 - dremeladdtocart Element is displayed
2022-02-16 11:38:24 INFO  PrintDremel:145 - click on element dremeladdtocart
2022-02-16 11:38:25 INFO  PrintDremel:145 - dremeladdtocart Element is displayed
2022-02-16 11:38:25 INFO  PrintDremel:145 - click on element dremeladdtocart
2022-02-16 11:38:26 INFO  PrintDremel:145 - dremeladdtocart Element is displayed
2022-02-16 11:38:26 INFO  PrintDremel:145 - click on element dremeladdtocart
2022-02-16 11:38:32 INFO  PrintDremel:145 - Add to cart Successful
2022-02-16 11:38:32 INFO  PrintDremel:145 - minishoppingcart Element is displayed
2022-02-16 11:38:40 INFO  PrintDremel:145 - click on element minishoppingcart
2022-02-16 11:38:40 INFO  PrintDremel:145 - Clicked on Minishopping cart
2022-02-16 11:38:44 INFO  PrintDremel:145 - PrintPdf element is displayed
2022-02-16 11:38:44 INFO  PrintDremel:145 - PrintPdf option Available
2022-02-16 11:38:44 INFO  PrintDremel:145 - In after test method ::PrintDremel
2022-02-16 11:38:44 DEBUG cache:45 - Couldn't find template in cache for "Extent.ftl"("en_US", UTF-8, parsed); will try to load it.
2022-02-16 11:38:44 DEBUG cache:45 - TemplateLoader.findTemplateSource("Extent_en_US.ftl"): Not found
2022-02-16 11:38:44 DEBUG cache:45 - TemplateLoader.findTemplateSource("Extent_en.ftl"): Not found
2022-02-16 11:38:44 DEBUG cache:45 - TemplateLoader.findTemplateSource("Extent.ftl"): Found
2022-02-16 11:38:44 DEBUG cache:45 - Loading template for "Extent.ftl"("en_US", UTF-8, parsed) from "jar:file:/C:/Users/UXS1KOR/.m2/repository/com/relevantcodes/extentreports/2.41.2/extentreports-2.41.2.jar!/com/relevantcodes/extentreports/view/Extent.ftl"
2022-02-16 11:38:44 INFO  PrintDremel:145 - No child test to execute, flushing report
2022-02-16 11:38:45 INFO  PrintDremel:145 - Terminate driver session in after test method
2022-02-16 11:38:45 INFO  Printflow:145 - Starting before test method ::Printflow
2022-02-16 11:38:45 INFO  Printflow:145 - **** Initializing drivers ****chrome 
2022-02-16 11:38:45 INFO  Printflow:145 - Initializing driver session for local execution
2022-02-16 11:38:47 INFO  Printflow:145 - Driver is initizialied
2022-02-16 11:38:47 INFO  Printflow:145 - **** driver instance in Initializing drivers ****
2022-02-16 11:38:47 INFO  Printflow:145 - Starting before test method ::Printflow
2022-02-16 11:38:56 INFO  Printflow:145 - Navigate to url https://stage.boschtoolservice.com/tr/tr/boschprof/spareparts/search
2022-02-16 11:38:56 INFO  Printflow:145 - CloseConsent Element is displayed
2022-02-16 11:38:56 INFO  Printflow:145 - click on element CloseConsent
2022-02-16 11:38:56 INFO  Printflow:145 - Consent Closed
2022-02-16 11:38:57 INFO  Printflow:145 - Input element is displayed
2022-02-16 11:38:57 INFO  Printflow:145 - input Element is displayed
2022-02-16 11:38:57 INFO  Printflow:145 - 0600845B50 is entered in element input
2022-02-16 11:38:57 INFO  Printflow:145 - search Element is displayed
2022-02-16 11:38:59 INFO  Printflow:145 - click on element search
2022-02-16 11:38:59 INFO  Printflow:145 - Input Field found
2022-02-16 11:38:59 INFO  Printflow:145 - Application Opened Successfully and Baretool number foundhttps://stage.boschtoolservice.com/tr/tr/boschprof/spareparts/search
2022-02-16 11:38:59 WARN  Printflow:150 - Unable to locate webelement. Object Name: SingleFilter
2022-02-16 11:39:04 INFO  Printflow:145 - wait for Object SingleFilter. Time:5 seconds
2022-02-16 11:39:04 INFO  Printflow:145 - SingleFilter Element is displayed
2022-02-16 11:39:07 INFO  Printflow:145 - click on element SingleFilter
2022-02-16 11:39:07 INFO  Printflow:145 - Result Selected
2022-02-16 11:39:13 INFO  Printflow:145 - ProductInformation element is displayed
2022-02-16 11:39:13 INFO  Printflow:145 - ProductInformation Available
2022-02-16 11:39:14 INFO  Printflow:145 - dremeladdtocart Element is displayed
2022-02-16 11:39:14 INFO  Printflow:145 - click on element dremeladdtocart
2022-02-16 11:39:15 INFO  Printflow:145 - dremeladdtocart Element is displayed
2022-02-16 11:39:16 INFO  Printflow:145 - click on element dremeladdtocart
2022-02-16 11:39:17 INFO  Printflow:145 - dremeladdtocart Element is displayed
2022-02-16 11:39:17 INFO  Printflow:145 - click on element dremeladdtocart
2022-02-16 11:39:18 INFO  Printflow:145 - dremeladdtocart Element is displayed
2022-02-16 11:39:18 INFO  Printflow:145 - click on element dremeladdtocart
2022-02-16 11:39:19 INFO  Printflow:145 - dremeladdtocart Element is displayed
2022-02-16 11:39:19 INFO  Printflow:145 - click on element dremeladdtocart
2022-02-16 11:39:25 INFO  Printflow:145 - Add to cart Successful
2022-02-16 11:39:25 INFO  Printflow:145 - minishoppingcart Element is displayed
2022-02-16 11:39:35 INFO  Printflow:145 - click on element minishoppingcart
2022-02-16 11:39:35 INFO  Printflow:145 - Clicked on Minishopping cart
2022-02-16 11:39:40 INFO  Printflow:145 - PrintPdf element is displayed
2022-02-16 11:39:40 INFO  Printflow:145 - PrintPdf option Available
2022-02-16 11:39:40 INFO  Printflow:145 - In after test method ::Printflow
2022-02-16 11:39:40 DEBUG cache:45 - Couldn't find template in cache for "Extent.ftl"("en_US", UTF-8, parsed); will try to load it.
2022-02-16 11:39:40 DEBUG cache:45 - TemplateLoader.findTemplateSource("Extent_en_US.ftl"): Not found
2022-02-16 11:39:40 DEBUG cache:45 - TemplateLoader.findTemplateSource("Extent_en.ftl"): Not found
2022-02-16 11:39:40 DEBUG cache:45 - TemplateLoader.findTemplateSource("Extent.ftl"): Found
2022-02-16 11:39:40 DEBUG cache:45 - Loading template for "Extent.ftl"("en_US", UTF-8, parsed) from "jar:file:/C:/Users/UXS1KOR/.m2/repository/com/relevantcodes/extentreports/2.41.2/extentreports-2.41.2.jar!/com/relevantcodes/extentreports/view/Extent.ftl"
2022-02-16 11:39:40 INFO  Printflow:145 - No child test to execute, flushing report
2022-02-16 11:39:40 INFO  Printflow:145 - Terminate driver session in after test method
2022-02-16 11:39:41 INFO  Printflow:145 - Starting before test method ::Printflow
2022-02-16 11:39:41 INFO  Printflow:145 - **** Initializing drivers ****chrome 
2022-02-16 11:39:41 INFO  Printflow:145 - Initializing driver session for local execution
2022-02-16 11:39:42 INFO  Printflow:145 - Driver is initizialied
2022-02-16 11:39:42 INFO  Printflow:145 - **** driver instance in Initializing drivers ****
2022-02-16 11:39:42 INFO  Printflow:145 - Starting before test method ::Printflow
2022-02-16 11:39:50 INFO  Printflow:145 - Navigate to url https://stage.boschtoolservice.com/tr/tr/bosch-pt/spareparts/search
2022-02-16 11:39:50 INFO  Printflow:145 - CloseConsent Element is displayed
2022-02-16 11:39:50 INFO  Printflow:145 - click on element CloseConsent
2022-02-16 11:39:50 INFO  Printflow:145 - Consent Closed
2022-02-16 11:39:51 INFO  Printflow:145 - Input element is displayed
2022-02-16 11:39:51 INFO  Printflow:145 - input Element is displayed
2022-02-16 11:39:51 INFO  Printflow:145 - 0600845B50 is entered in element input
2022-02-16 11:39:52 INFO  Printflow:145 - search Element is displayed
2022-02-16 11:39:53 INFO  Printflow:145 - click on element search
2022-02-16 11:39:53 INFO  Printflow:145 - Input Field found
2022-02-16 11:39:53 INFO  Printflow:145 - Application Opened Successfully and Baretool number foundhttps://stage.boschtoolservice.com/tr/tr/bosch-pt/spareparts/search
2022-02-16 11:39:53 INFO  Printflow:145 - SingleFilter Element is displayed
2022-02-16 11:39:55 INFO  Printflow:145 - click on element SingleFilter
2022-02-16 11:39:55 INFO  Printflow:145 - Result Selected
2022-02-16 11:40:01 INFO  Printflow:145 - ProductInformation element is displayed
2022-02-16 11:40:01 INFO  Printflow:145 - ProductInformation Available
2022-02-16 11:40:02 INFO  Printflow:145 - dremeladdtocart Element is displayed
2022-02-16 11:40:02 INFO  Printflow:145 - click on element dremeladdtocart
2022-02-16 11:40:03 INFO  Printflow:145 - dremeladdtocart Element is displayed
2022-02-16 11:40:04 INFO  Printflow:145 - click on element dremeladdtocart
2022-02-16 11:40:05 INFO  Printflow:145 - dremeladdtocart Element is displayed
2022-02-16 11:40:05 INFO  Printflow:145 - click on element dremeladdtocart
2022-02-16 11:40:06 INFO  Printflow:145 - dremeladdtocart Element is displayed
2022-02-16 11:40:06 INFO  Printflow:145 - click on element dremeladdtocart
2022-02-16 11:40:07 INFO  Printflow:145 - dremeladdtocart Element is displayed
2022-02-16 11:40:07 INFO  Printflow:145 - click on element dremeladdtocart
2022-02-16 11:40:13 INFO  Printflow:145 - Add to cart Successful
2022-02-16 11:40:13 INFO  Printflow:145 - minishoppingcart Element is displayed
2022-02-16 11:40:27 INFO  Printflow:145 - click on element minishoppingcart
2022-02-16 11:40:27 INFO  Printflow:145 - Clicked on Minishopping cart
2022-02-16 11:40:31 INFO  Printflow:145 - PrintPdf element is displayed
2022-02-16 11:40:31 INFO  Printflow:145 - PrintPdf option Available
2022-02-16 11:40:31 INFO  Printflow:145 - In after test method ::Printflow
2022-02-16 11:40:31 DEBUG cache:45 - Couldn't find template in cache for "Extent.ftl"("en_US", UTF-8, parsed); will try to load it.
2022-02-16 11:40:31 DEBUG cache:45 - TemplateLoader.findTemplateSource("Extent_en_US.ftl"): Not found
2022-02-16 11:40:31 DEBUG cache:45 - TemplateLoader.findTemplateSource("Extent_en.ftl"): Not found
2022-02-16 11:40:31 DEBUG cache:45 - TemplateLoader.findTemplateSource("Extent.ftl"): Found
2022-02-16 11:40:31 DEBUG cache:45 - Loading template for "Extent.ftl"("en_US", UTF-8, parsed) from "jar:file:/C:/Users/UXS1KOR/.m2/repository/com/relevantcodes/extentreports/2.41.2/extentreports-2.41.2.jar!/com/relevantcodes/extentreports/view/Extent.ftl"
2022-02-16 11:40:31 INFO  Printflow:145 - No child test to execute, flushing report
2022-02-16 11:40:32 INFO  Printflow:145 - Terminate driver session in after test method
2022-02-16 11:40:32 INFO  Printflow:145 - Starting before test method ::Printflow
2022-02-16 11:40:32 INFO  Printflow:145 - **** Initializing drivers ****chrome 
2022-02-16 11:40:32 INFO  Printflow:145 - Initializing driver session for local execution
2022-02-16 11:40:34 INFO  Printflow:145 - Driver is initizialied
2022-02-16 11:40:34 INFO  Printflow:145 - **** driver instance in Initializing drivers ****
2022-02-16 11:40:34 INFO  Printflow:145 - Starting before test method ::Printflow
2022-02-16 11:40:41 INFO  Printflow:145 - Navigate to url https://stage.boschtoolservice.com/tr/tr/boschdiy/spareparts/search
2022-02-16 11:40:41 INFO  Printflow:145 - CloseConsent Element is displayed
2022-02-16 11:40:41 INFO  Printflow:145 - click on element CloseConsent
2022-02-16 11:40:41 INFO  Printflow:145 - Consent Closed
2022-02-16 11:40:42 INFO  Printflow:145 - Input element is displayed
2022-02-16 11:40:43 INFO  Printflow:145 - input Element is displayed
2022-02-16 11:40:43 INFO  Printflow:145 - 0600845B50 is entered in element input
2022-02-16 11:40:43 INFO  Printflow:145 - search Element is displayed
2022-02-16 11:40:44 INFO  Printflow:145 - click on element search
2022-02-16 11:40:44 INFO  Printflow:145 - Input Field found
2022-02-16 11:40:44 INFO  Printflow:145 - Application Opened Successfully and Baretool number foundhttps://stage.boschtoolservice.com/tr/tr/boschdiy/spareparts/search
2022-02-16 11:40:44 WARN  Printflow:150 - Unable to locate webelement. Object Name: SingleFilter
2022-02-16 11:40:49 INFO  Printflow:145 - wait for Object SingleFilter. Time:5 seconds
2022-02-16 11:40:49 INFO  Printflow:145 - SingleFilter Element is displayed
2022-02-16 11:40:56 INFO  Printflow:145 - click on element SingleFilter
2022-02-16 11:40:56 INFO  Printflow:145 - Result Selected
2022-02-16 11:41:02 INFO  Printflow:145 - ProductInformation element is displayed
2022-02-16 11:41:02 INFO  Printflow:145 - ProductInformation Available
2022-02-16 11:41:03 INFO  Printflow:145 - dremeladdtocart Element is displayed
2022-02-16 11:41:03 INFO  Printflow:145 - click on element dremeladdtocart
2022-02-16 11:41:04 INFO  Printflow:145 - dremeladdtocart Element is displayed
2022-02-16 11:41:04 INFO  Printflow:145 - click on element dremeladdtocart
2022-02-16 11:41:05 INFO  Printflow:145 - dremeladdtocart Element is displayed
2022-02-16 11:41:06 INFO  Printflow:145 - click on element dremeladdtocart
2022-02-16 11:41:07 INFO  Printflow:145 - dremeladdtocart Element is displayed
2022-02-16 11:41:07 INFO  Printflow:145 - click on element dremeladdtocart
2022-02-16 11:41:08 INFO  Printflow:145 - dremeladdtocart Element is displayed
2022-02-16 11:41:08 INFO  Printflow:145 - click on element dremeladdtocart
2022-02-16 11:41:14 INFO  Printflow:145 - Add to cart Successful
2022-02-16 11:41:14 INFO  Printflow:145 - minishoppingcart Element is displayed
2022-02-16 11:41:23 INFO  Printflow:145 - click on element minishoppingcart
2022-02-16 11:41:23 INFO  Printflow:145 - Clicked on Minishopping cart
2022-02-16 11:41:27 INFO  Printflow:145 - PrintPdf element is displayed
2022-02-16 11:41:27 INFO  Printflow:145 - PrintPdf option Available
2022-02-16 11:41:27 INFO  Printflow:145 - In after test method ::Printflow
2022-02-16 11:41:27 DEBUG cache:45 - Couldn't find template in cache for "Extent.ftl"("en_US", UTF-8, parsed); will try to load it.
2022-02-16 11:41:27 DEBUG cache:45 - TemplateLoader.findTemplateSource("Extent_en_US.ftl"): Not found
2022-02-16 11:41:27 DEBUG cache:45 - TemplateLoader.findTemplateSource("Extent_en.ftl"): Not found
2022-02-16 11:41:27 DEBUG cache:45 - TemplateLoader.findTemplateSource("Extent.ftl"): Found
2022-02-16 11:41:27 DEBUG cache:45 - Loading template for "Extent.ftl"("en_US", UTF-8, parsed) from "jar:file:/C:/Users/UXS1KOR/.m2/repository/com/relevantcodes/extentreports/2.41.2/extentreports-2.41.2.jar!/com/relevantcodes/extentreports/view/Extent.ftl"
2022-02-16 11:41:27 INFO  Printflow:145 - No child test to execute, flushing report
2022-02-16 11:41:28 INFO  Printflow:145 - Terminate driver session in after test method
2022-02-16 11:41:28 INFO  Printflows:145 - Starting before test method ::Printflows
2022-02-16 11:41:28 INFO  Printflows:145 - **** Initializing drivers ****chrome 
2022-02-16 11:41:28 INFO  Printflows:145 - Initializing driver session for local execution
2022-02-16 11:41:30 INFO  Printflows:145 - Driver is initizialied
2022-02-16 11:41:30 INFO  Printflows:145 - **** driver instance in Initializing drivers ****
2022-02-16 11:41:30 INFO  Printflows:145 - Starting before test method ::Printflows
2022-02-16 11:41:37 INFO  Printflows:145 - Navigate to url https://stage.boschtoolservice.com/tr/tr/skil/spareparts/search
2022-02-16 11:41:38 INFO  Printflows:145 - CloseConsent Element is displayed
2022-02-16 11:41:38 INFO  Printflows:145 - click on element CloseConsent
2022-02-16 11:41:38 INFO  Printflows:145 - Consent Closed
2022-02-16 11:41:41 INFO  Printflows:145 - Input element is displayed
2022-02-16 11:41:41 INFO  Printflows:145 - Input Field found
2022-02-16 11:41:41 INFO  Printflows:145 - Application Opened Successfully and verified https://stage.boschtoolservice.com/tr/tr/skil/spareparts/search
2022-02-16 11:41:41 INFO  Printflows:145 - AdvancedSearch Element is displayed
2022-02-16 11:41:42 INFO  Printflows:145 - click on element AdvancedSearch
2022-02-16 11:41:42 INFO  Printflows:145 - Clicked on AdvancedSearch
2022-02-16 11:41:43 INFO  Printflows:145 - Country ID Element is displayed
2022-02-16 11:41:43 INFO  Printflows:145 - click on element Country ID
2022-02-16 11:41:45 INFO  Printflows:145 - Country ID clicked
2022-02-16 11:41:45 INFO  Printflows:145 - Country Value Element is displayed
2022-02-16 11:41:45 INFO  Printflows:145 - click on element Country Value
2022-02-16 11:41:46 INFO  Printflows:145 - Value success
2022-02-16 11:41:46 INFO  Printflows:145 - Search Element is displayed
2022-02-16 11:41:48 INFO  Printflows:145 - click on element Search
2022-02-16 11:41:48 INFO  Printflows:145 - Clicked on Search
2022-02-16 11:41:48 INFO  Printflows:145 - Result element is displayed
2022-02-16 11:41:50 INFO  Printflows:145 - Results Displayed
2022-02-16 11:41:50 INFO  Printflows:145 - Search Successful for 
2022-02-16 11:41:50 INFO  Printflows:145 - FilterResult Element is displayed
2022-02-16 11:41:55 INFO  Printflows:145 - click on element FilterResult
2022-02-16 11:41:55 INFO  Printflows:145 - Selected First Row
2022-02-16 11:42:01 INFO  Printflows:145 - ProductInformation element is displayed
2022-02-16 11:42:01 INFO  Printflows:145 - ProductInformation Available
2022-02-16 11:42:02 INFO  Printflows:145 - dremeladdtocart Element is displayed
2022-02-16 11:42:02 INFO  Printflows:145 - click on element dremeladdtocart
2022-02-16 11:42:03 INFO  Printflows:145 - dremeladdtocart Element is displayed
2022-02-16 11:42:03 INFO  Printflows:145 - click on element dremeladdtocart
2022-02-16 11:42:04 INFO  Printflows:145 - dremeladdtocart Element is displayed
2022-02-16 11:42:05 INFO  Printflows:145 - click on element dremeladdtocart
2022-02-16 11:42:06 INFO  Printflows:145 - dremeladdtocart Element is displayed
2022-02-16 11:42:06 INFO  Printflows:145 - click on element dremeladdtocart
2022-02-16 11:42:07 INFO  Printflows:145 - dremeladdtocart Element is displayed
2022-02-16 11:42:07 INFO  Printflows:145 - click on element dremeladdtocart
2022-02-16 11:42:13 INFO  Printflows:145 - Add to cart Successful
2022-02-16 11:42:13 INFO  Printflows:145 - minishoppingcart Element is displayed
2022-02-16 11:42:22 INFO  Printflows:145 - click on element minishoppingcart
2022-02-16 11:42:22 INFO  Printflows:145 - Clicked on Minishopping cart
2022-02-16 11:42:26 INFO  Printflows:145 - PrintPdf element is displayed
2022-02-16 11:42:26 INFO  Printflows:145 - PrintPdf option Available
2022-02-16 11:42:26 INFO  Printflows:145 - In after test method ::Printflows
2022-02-16 11:42:26 DEBUG cache:45 - Couldn't find template in cache for "Extent.ftl"("en_US", UTF-8, parsed); will try to load it.
2022-02-16 11:42:26 DEBUG cache:45 - TemplateLoader.findTemplateSource("Extent_en_US.ftl"): Not found
2022-02-16 11:42:26 DEBUG cache:45 - TemplateLoader.findTemplateSource("Extent_en.ftl"): Not found
2022-02-16 11:42:26 DEBUG cache:45 - TemplateLoader.findTemplateSource("Extent.ftl"): Found
2022-02-16 11:42:26 DEBUG cache:45 - Loading template for "Extent.ftl"("en_US", UTF-8, parsed) from "jar:file:/C:/Users/UXS1KOR/.m2/repository/com/relevantcodes/extentreports/2.41.2/extentreports-2.41.2.jar!/com/relevantcodes/extentreports/view/Extent.ftl"
2022-02-16 11:42:26 INFO  Printflows:145 - No child test to execute, flushing report
2022-02-16 11:42:27 INFO  Printflows:145 - Terminate driver session in after test method
2022-02-16 11:42:27 INFO  Printflows:145 - Starting before test method ::Printflows
2022-02-16 11:42:27 INFO  Printflows:145 - **** Initializing drivers ****chrome 
2022-02-16 11:42:27 INFO  Printflows:145 - Initializing driver session for local execution
2022-02-16 11:42:29 INFO  Printflows:145 - Driver is initizialied
2022-02-16 11:42:29 INFO  Printflows:145 - **** driver instance in Initializing drivers ****
2022-02-16 11:42:29 INFO  Printflows:145 - Starting before test method ::Printflows
2022-02-16 11:42:37 INFO  Printflows:145 - Navigate to url https://stage.boschtoolservice.com/tr/tr/dremel/spareparts/search
2022-02-16 11:42:38 INFO  Printflows:145 - CloseConsent Element is displayed
2022-02-16 11:42:38 INFO  Printflows:145 - click on element CloseConsent
2022-02-16 11:42:38 INFO  Printflows:145 - Consent Closed
2022-02-16 11:42:40 INFO  Printflows:145 - Input element is displayed
2022-02-16 11:42:40 INFO  Printflows:145 - Input Field found
2022-02-16 11:42:40 INFO  Printflows:145 - Application Opened Successfully and verified https://stage.boschtoolservice.com/tr/tr/dremel/spareparts/search
2022-02-16 11:42:40 INFO  Printflows:145 - AdvancedSearch Element is displayed
2022-02-16 11:42:41 INFO  Printflows:145 - click on element AdvancedSearch
2022-02-16 11:42:41 INFO  Printflows:145 - Clicked on AdvancedSearch
2022-02-16 11:42:42 INFO  Printflows:145 - Country ID Element is displayed
2022-02-16 11:42:42 INFO  Printflows:145 - click on element Country ID
2022-02-16 11:42:44 INFO  Printflows:145 - Country ID clicked
2022-02-16 11:42:44 INFO  Printflows:145 - Country Value Element is displayed
2022-02-16 11:42:44 INFO  Printflows:145 - click on element Country Value
2022-02-16 11:42:45 INFO  Printflows:145 - Value success
2022-02-16 11:42:46 INFO  Printflows:145 - Search Element is displayed
2022-02-16 11:42:48 INFO  Printflows:145 - click on element Search
2022-02-16 11:42:48 INFO  Printflows:145 - Clicked on Search
2022-02-16 11:42:48 INFO  Printflows:145 - Result element is displayed
2022-02-16 11:42:50 INFO  Printflows:145 - Results Displayed
2022-02-16 11:42:50 INFO  Printflows:145 - Search Successful for 
2022-02-16 11:42:50 INFO  Printflows:145 - FilterResult Element is displayed
2022-02-16 11:42:51 INFO  Printflows:145 - click on element FilterResult
2022-02-16 11:42:51 INFO  Printflows:145 - Selected First Row
2022-02-16 11:42:57 INFO  Printflows:145 - ProductInformation element is displayed
2022-02-16 11:42:57 INFO  Printflows:145 - ProductInformation Available
2022-02-16 11:42:58 INFO  Printflows:145 - dremeladdtocart Element is displayed
2022-02-16 11:42:59 INFO  Printflows:145 - click on element dremeladdtocart
2022-02-16 11:43:00 INFO  Printflows:145 - dremeladdtocart Element is displayed
2022-02-16 11:43:00 INFO  Printflows:145 - click on element dremeladdtocart
2022-02-16 11:43:01 INFO  Printflows:145 - dremeladdtocart Element is displayed
2022-02-16 11:43:01 INFO  Printflows:145 - click on element dremeladdtocart
2022-02-16 11:43:02 INFO  Printflows:145 - dremeladdtocart Element is displayed
2022-02-16 11:43:02 INFO  Printflows:145 - click on element dremeladdtocart
2022-02-16 11:43:03 INFO  Printflows:145 - dremeladdtocart Element is displayed
2022-02-16 11:43:03 INFO  Printflows:145 - click on element dremeladdtocart
2022-02-16 11:43:09 INFO  Printflows:145 - Add to cart Successful
2022-02-16 11:43:09 INFO  Printflows:145 - minishoppingcart Element is displayed
2022-02-16 11:43:21 INFO  Printflows:145 - click on element minishoppingcart
2022-02-16 11:43:21 INFO  Printflows:145 - Clicked on Minishopping cart
2022-02-16 11:43:25 INFO  Printflows:145 - PrintPdf element is displayed
2022-02-16 11:43:25 INFO  Printflows:145 - PrintPdf option Available
2022-02-16 11:43:25 INFO  Printflows:145 - In after test method ::Printflows
2022-02-16 11:43:25 DEBUG cache:45 - Couldn't find template in cache for "Extent.ftl"("en_US", UTF-8, parsed); will try to load it.
2022-02-16 11:43:25 DEBUG cache:45 - TemplateLoader.findTemplateSource("Extent_en_US.ftl"): Not found
2022-02-16 11:43:25 DEBUG cache:45 - TemplateLoader.findTemplateSource("Extent_en.ftl"): Not found
2022-02-16 11:43:25 DEBUG cache:45 - TemplateLoader.findTemplateSource("Extent.ftl"): Found
2022-02-16 11:43:25 DEBUG cache:45 - Loading template for "Extent.ftl"("en_US", UTF-8, parsed) from "jar:file:/C:/Users/UXS1KOR/.m2/repository/com/relevantcodes/extentreports/2.41.2/extentreports-2.41.2.jar!/com/relevantcodes/extentreports/view/Extent.ftl"
2022-02-16 11:43:25 INFO  Printflows:145 - No child test to execute, flushing report
2022-02-16 11:43:25 INFO  Printflows:145 - Terminate driver session in after test method
